<?xml version="1.0" encoding="UTF-8"?>
<!-- Generated by org.testng.reporters.JUnitReportReporter -->
<testsuite hostname="SeelaJabez" failures="0" tests="6" name="testng.NewTestcases" time="0.033" errors="0" timestamp="2023-07-03T14:40:21 IST" skipped="0">
  <testcase classname="testng.NewTestcases" name="testcase6" time="0.017"/>
  <testcase classname="testng.NewTestcases" name="testcase5" time="0.002"/>
  <testcase classname="testng.NewTestcases" name="testcase4" time="0.003"/>
  <testcase classname="testng.NewTestcases" name="testcase2" time="0.004"/>
  <testcase classname="testng.NewTestcases" name="testcase3" time="0.003"/>
  <testcase classname="testng.NewTestcases" name="testcase1" time="0.004"/>
</testsuite> <!-- testng.NewTestcases -->
