<?xml version="1.0" encoding="UTF-8"?>
<!-- Generated by org.testng.reporters.JUnitReportReporter -->
<testsuite hostname="SeelaJabez" failures="0" tests="1" name="practices.priority_example" time="5.049" errors="0" timestamp="2023-06-30T16:52:20 IST" skipped="0">
  <testcase classname="practices.priority_example" name="flipkartapp" time="5.049"/>
</testsuite> <!-- practices.priority_example -->
