<?xml version="1.0" encoding="UTF-8"?>
<!-- Generated by org.testng.reporters.JUnitReportReporter -->
<testsuite hostname="SeelaJabez" failures="0" tests="2" name="testng.grouping" time="11.888" errors="0" timestamp="2023-07-03T15:12:08 IST" skipped="0">
  <testcase classname="testng.grouping" name="dropdown" time="5.493"/>
  <testcase classname="testng.grouping" name="login" time="6.395"/>
</testsuite> <!-- testng.grouping -->
