<?xml version="1.0" encoding="UTF-8"?>
<!-- Generated by org.testng.reporters.JUnitReportReporter -->
<testsuite hostname="SeelaJabez" failures="0" tests="1" name="testng.orangehrmlogin" time="21.691" errors="0" timestamp="2023-06-30T15:43:31 IST" skipped="0">
  <testcase classname="testng.orangehrmlogin" name="login" time="21.691"/>
</testsuite> <!-- testng.orangehrmlogin -->
